calculate results, number of nodes: 33
get consensus latency: :0.00693158
get consensus latency: :0.00589065
get consensus latency: :0.00448034
get consensus latency: :0.00554468
get consensus latency: :0.00450859
get consensus latency: :0.00543649
get consensus latency: :0.00384644
get consensus latency: :0.00382531
get consensus latency: :0.00535143
get consensus latency: :0.00469614
get consensus latency: :0.00629169
get consensus latency: :0.00768286
get consensus latency: :0.00686402
get consensus latency: :0.005963
get consensus latency: :0.00456892
get consensus latency: :0.00556698
get consensus latency: :0.00456416
get consensus latency: :0.005518
get consensus latency: :0.00391968
get consensus latency: :0.00388062
get consensus latency: :0.00538638
get consensus latency: :0.005631
get consensus latency: :0.00551021
get consensus latency: :0.00772304
get consensus latency: :0.00663816
get consensus latency: :0.00564178
get consensus latency: :0.00434717
get consensus latency: :0.00532457
get consensus latency: :0.00433329
get consensus latency: :0.00528363
get consensus latency: :0.00368365
get consensus latency: :0.00365114
get consensus latency: :0.00514605
get consensus latency: :0.00540553
get consensus latency: :0.00526346
get consensus latency: :0.00750693
get consensus latency: :0.00665679
get consensus latency: :0.00568571
get consensus latency: :0.00438742
get consensus latency: :0.00537985
get consensus latency: :0.00437147
get consensus latency: :0.00533144
get consensus latency: :0.0037322
get consensus latency: :0.00371129
get consensus latency: :0.00520294
get consensus latency: :0.00545081
get consensus latency: :0.00530328
get consensus latency: :0.00757903
get consensus latency: :0.00514237
get consensus latency: :0.0052601
get consensus latency: :0.0039812
get consensus latency: :0.00494764
get consensus latency: :0.00394589
get consensus latency: :0.00490997
get consensus latency: :0.00331149
get consensus latency: :0.00329657
get consensus latency: :0.00479621
get consensus latency: :0.00504182
get consensus latency: :0.00490331
get consensus latency: :0.00714921
get consensus latency: :0.00512649
get consensus latency: :0.00526156
get consensus latency: :0.00398615
get consensus latency: :0.0049493
get consensus latency: :0.00395561
get consensus latency: :0.00491338
get consensus latency: :0.00331072
get consensus latency: :0.00329833
get consensus latency: :0.00479263
get consensus latency: :0.00504039
get consensus latency: :0.00490534
get consensus latency: :0.00711881
get consensus latency: :0.00518799
get consensus latency: :0.0053384
get consensus latency: :0.00394973
get consensus latency: :0.00498703
get consensus latency: :0.00395326
get consensus latency: :0.00490657
get consensus latency: :0.00330514
get consensus latency: :0.00329103
get consensus latency: :0.00482836
get consensus latency: :0.00416858
get consensus latency: :0.00576909
get consensus latency: :0.00714176
get consensus latency: :0.00679138
get consensus latency: :0.00590069
get consensus latency: :0.0045034
get consensus latency: :0.00551446
get consensus latency: :0.00450875
get consensus latency: :0.00546105
get consensus latency: :0.00387107
get consensus latency: :0.00383902
get consensus latency: :0.00534482
get consensus latency: :0.00554772
get consensus latency: :0.0054477
get consensus latency: :0.00767487
get consensus latency: :0.00752314
get consensus latency: :0.00615687
get consensus latency: :0.00477746
get consensus latency: :0.00574179
get consensus latency: :0.00476092
get consensus latency: :0.00572967
get consensus latency: :0.00412015
get consensus latency: :0.0040929
get consensus latency: :0.00558047
get consensus latency: :0.00587064
get consensus latency: :0.00573287
get consensus latency: :0.00797482
get consensus latency: :0.00551387
get consensus latency: :0.0055106
get consensus latency: :0.00420438
get consensus latency: :0.00518247
get consensus latency: :0.00419928
get consensus latency: :0.00514331
get consensus latency: :0.00354146
get consensus latency: :0.00352031
get consensus latency: :0.00501927
get consensus latency: :0.00526005
get consensus latency: :0.00513243
get consensus latency: :0.00737568
get consensus latency: :0.00747319
get consensus latency: :0.0063107
get consensus latency: :0.0048441
get consensus latency: :0.00581699
get consensus latency: :0.00485359
get consensus latency: :0.00580064
get consensus latency: :0.00418228
get consensus latency: :0.00415307
get consensus latency: :0.00564663
get consensus latency: :0.00590059
get consensus latency: :0.00575705
get consensus latency: :0.00800374
get consensus latency: :0.00738171
get consensus latency: :0.00617374
get consensus latency: :0.00476253
get consensus latency: :0.00574112
get consensus latency: :0.00475885
get consensus latency: :0.00569989
get consensus latency: :0.00410212
get consensus latency: :0.00406827
get consensus latency: :0.00555954
get consensus latency: :0.00580612
get consensus latency: :0.00566847
get consensus latency: :0.00792425
get consensus latency: :0.00525033
get consensus latency: :0.00545307
get consensus latency: :0.00409485
get consensus latency: :0.00508491
get consensus latency: :0.00407015
get consensus latency: :0.00502806
get consensus latency: :0.00343246
get consensus latency: :0.0034195
get consensus latency: :0.00493698
get consensus latency: :0.00513855
get consensus latency: :0.005044
get consensus latency: :0.00725094
get consensus latency: :0.00491992
get consensus latency: :0.00526332
get consensus latency: :0.00381455
get consensus latency: :0.0048351
get consensus latency: :0.00381318
get consensus latency: :0.00476348
get consensus latency: :0.0031626
get consensus latency: :0.00315491
get consensus latency: :0.0047164
get consensus latency: :0.00400936
get consensus latency: :0.00567972
get consensus latency: :0.0057243
get consensus latency: :0.0055974
get consensus latency: :0.00563064
get consensus latency: :0.00425386
get consensus latency: :0.00525091
get consensus latency: :0.0042467
get consensus latency: :0.00520509
get consensus latency: :0.00360558
get consensus latency: :0.00358617
get consensus latency: :0.00508652
get consensus latency: :0.00530481
get consensus latency: :0.00519376
get consensus latency: :0.00741723
get consensus latency: :0.00694933
get consensus latency: :0.00588134
get consensus latency: :0.00447473
get consensus latency: :0.0055371
get consensus latency: :0.00449846
get consensus latency: :0.00543883
get consensus latency: :0.00383594
get consensus latency: :0.00382185
get consensus latency: :0.00535164
get consensus latency: :0.00468009
get consensus latency: :0.00628278
get consensus latency: :0.00766913
get lat: ['E20240727', '07:23:49.467144', '27233', 'stats.cpp:418]', 'req', 'client', 'latency:0.00828634']
get lat: ['E20240727', '07:23:54.467267', '27233', 'stats.cpp:418]', 'req', 'client', 'latency:0.0119566']
get lat: ['E20240727', '07:23:59.467375', '27233', 'stats.cpp:418]', 'req', 'client', 'latency:0.0101516']
get lat: ['E20240727', '07:24:04.467502', '27233', 'stats.cpp:418]', 'req', 'client', 'latency:0.0116095']
get lat: ['E20240727', '07:24:09.470146', '27233', 'stats.cpp:418]', 'req', 'client', 'latency:0.00880609']
get lat: ['E20240727', '07:24:14.470295', '27233', 'stats.cpp:418]', 'req', 'client', 'latency:0.0115659']
get lat: ['E20240727', '07:24:19.472363', '27233', 'stats.cpp:418]', 'req', 'client', 'latency:0.00908935']
get lat: ['E20240727', '07:24:24.474123', '27233', 'stats.cpp:418]', 'req', 'client', 'latency:0.00660963']
get lat: ['E20240727', '07:24:29.474247', '27233', 'stats.cpp:418]', 'req', 'client', 'latency:0.0110071']
get lat: ['E20240727', '07:24:34.475244', '27233', 'stats.cpp:418]', 'req', 'client', 'latency:0.0127091']
get lat: ['E20240727', '07:24:39.475353', '27233', 'stats.cpp:418]', 'req', 'client', 'latency:0.0130194']
get lat: ['E20240727', '07:24:44.475495', '27233', 'stats.cpp:418]', 'req', 'client', 'latency:0.0178909']
get consensus latency: :0.0075624
get consensus latency: :0.0063666
get consensus latency: :0.00489172
get consensus latency: :0.00585426
get consensus latency: :0.00489527
get consensus latency: :0.0058304
get consensus latency: :0.00422751
get consensus latency: :0.00420671
get consensus latency: :0.00569401
get consensus latency: :0.00594842
get consensus latency: :0.00579712
get consensus latency: :0.0080445
get consensus latency: :0.00697406
get consensus latency: :0.00591937
get consensus latency: :0.00462305
get consensus latency: :0.00559962
get consensus latency: :0.00461017
get consensus latency: :0.00555552
get consensus latency: :0.00395754
get consensus latency: :0.00392668
get consensus latency: :0.00541067
get consensus latency: :0.00568531
get consensus latency: :0.00552553
get consensus latency: :0.00776655
get consensus latency: :0.00494962
get consensus latency: :0.00519173
get consensus latency: :0.00381123
get consensus latency: :0.00484168
get consensus latency: :0.00380934
get consensus latency: :0.00477551
get consensus latency: :0.00317628
get consensus latency: :0.00314856
get consensus latency: :0.00468095
get consensus latency: :0.00486216
get consensus latency: :0.00480408
get consensus latency: :0.00698104
get consensus latency: :0.00496762
get consensus latency: :0.00538158
get consensus latency: :0.00379362
get consensus latency: :0.00485812
get consensus latency: :0.00379397
get consensus latency: :0.0047585
get consensus latency: :0.00314785
get consensus latency: :0.00315281
get consensus latency: :0.00393734
get consensus latency: :0.00480681
get consensus latency: :0.00577658
get consensus latency: :0.00554141
get consensus latency: :0.00488456
get consensus latency: :0.00516792
get consensus latency: :0.00381895
get consensus latency: :0.00481249
get consensus latency: :0.00379101
get consensus latency: :0.00476779
get consensus latency: :0.00316162
get consensus latency: :0.00314443
get consensus latency: :0.0046527
get consensus latency: :0.00487521
get consensus latency: :0.00477192
get consensus latency: :0.00696332
get consensus latency: :0.00515077
get consensus latency: :0.00539382
get consensus latency: :0.00403858
get consensus latency: :0.00502195
get consensus latency: :0.0040198
get consensus latency: :0.00498175
get consensus latency: :0.00338012
get consensus latency: :0.00335805
get consensus latency: :0.00485865
get consensus latency: :0.00509483
get consensus latency: :0.00497763
get consensus latency: :0.00717911
get consensus latency: :0.00735211
get consensus latency: :0.00610224
get consensus latency: :0.00472462
get consensus latency: :0.00571246
get consensus latency: :0.0047239
get consensus latency: :0.00567825
get consensus latency: :0.00407094
get consensus latency: :0.00403592
get consensus latency: :0.00552896
get consensus latency: :0.00576815
get consensus latency: :0.00563263
get consensus latency: :0.00787559
get consensus latency: :0.00547659
get consensus latency: :0.00557955
get consensus latency: :0.00419801
get consensus latency: :0.00521624
get consensus latency: :0.00419688
get consensus latency: :0.00514654
get consensus latency: :0.00354848
get consensus latency: :0.00352176
get consensus latency: :0.00504662
get consensus latency: :0.00524608
get consensus latency: :0.00517447
get consensus latency: :0.00737474
get consensus latency: :0.00652473
get consensus latency: :0.00567114
get consensus latency: :0.0043032
get consensus latency: :0.00531134
get consensus latency: :0.00430208
get consensus latency: :0.00525084
get consensus latency: :0.00365835
get consensus latency: :0.0036221
get consensus latency: :0.00513558
get consensus latency: :0.00536277
get consensus latency: :0.00526116
get consensus latency: :0.00748787
get consensus latency: :0.00520534
get consensus latency: :0.00532433
get consensus latency: :0.00401885
get consensus latency: :0.0049883
get consensus latency: :0.00400252
get consensus latency: :0.00496388
get consensus latency: :0.00336578
get consensus latency: :0.00334643
get consensus latency: :0.00484139
get consensus latency: :0.00508775
get consensus latency: :0.00494706
get consensus latency: :0.00716967
get consensus latency: :0.00553615
get consensus latency: :0.00559965
get consensus latency: :0.00425385
get consensus latency: :0.00523583
get consensus latency: :0.00424378
get consensus latency: :0.00518759
get consensus latency: :0.00360353
get consensus latency: :0.00357532
get consensus latency: :0.00507864
get consensus latency: :0.0053054
get consensus latency: :0.00519355
get consensus latency: :0.00741888
get consensus latency: :0.00537635
get consensus latency: :0.00539546
get consensus latency: :0.00410985
get consensus latency: :0.00506529
get consensus latency: :0.00408107
get consensus latency: :0.00504402
get consensus latency: :0.00343763
get consensus latency: :0.0034223
get consensus latency: :0.00491107
get consensus latency: :0.00518257
get consensus latency: :0.00502169
get consensus latency: :0.00727169
get consensus latency: :0.00503979
get consensus latency: :0.00535909
get consensus latency: :0.00388164
get consensus latency: :0.0049182
get consensus latency: :0.0038872
get consensus latency: :0.00484092
get consensus latency: :0.00323092
get consensus latency: :0.00322336
get consensus latency: :0.00401466
get consensus latency: :0.00488237
get consensus latency: :0.00581413
get consensus latency: :0.00569612
get consensus latency: :0.00536659
get consensus latency: :0.00556568
get consensus latency: :0.00413011
get consensus latency: :0.00517026
get consensus latency: :0.00414367
get consensus latency: :0.00508932
get consensus latency: :0.00347922
get consensus latency: :0.00347635
get consensus latency: :0.00503756
get consensus latency: :0.00434142
get consensus latency: :0.00597252
get consensus latency: :0.00733389
get consensus latency: :0.00769115
get consensus latency: :0.00631376
get consensus latency: :0.00479121
get consensus latency: :0.0058591
get consensus latency: :0.00482548
get consensus latency: :0.00577516
get consensus latency: :0.00417061
get consensus latency: :0.00414017
get consensus latency: :0.00567929
get consensus latency: :0.00500746
get consensus latency: :0.00661392
get consensus latency: :0.00800798
get consensus latency: :0.00574565
get consensus latency: :0.00562178
get consensus latency: :0.00433282
get consensus latency: :0.00529361
get consensus latency: :0.00430463
get consensus latency: :0.00526527
get consensus latency: :0.00365847
get consensus latency: :0.0036424
get consensus latency: :0.00513262
get consensus latency: :0.00540459
get consensus latency: :0.00525183
get consensus latency: :0.0074874
tsp: [15900, 15900, 15900, 15900, 15920, 15920, 15920, 15920, 15940, 15940, 15940, 15940, 15940, 15940, 15940, 15940, 15940, 15940, 15940, 15940, 15940, 15940, 15940, 15960, 15960, 15960, 15960, 15960, 15960, 16080, 16760, 17020, 21900, 22140, 22220, 22420, 22460, 22500, 22520, 22520, 22520, 22540, 22540, 22540, 22600, 22660, 22680, 22680, 22680, 22720, 22760, 22760, 22780, 22800, 22800, 22800, 22840, 22860, 22880, 22880, 22880, 22880, 22880, 22880, 22880, 23020, 23420, 23440, 23460, 23460, 23500, 23500, 23520, 23520, 23540, 23560, 23600, 23620, 23640, 23660, 23680, 23680, 23700, 23720, 23740, 23740, 23800, 23840, 23880, 23980, 24060, 24080, 24080, 24080, 24100, 24100, 24120, 24120, 24120, 24120, 24140, 24140, 24220, 24220, 24240, 24260, 24360, 24360, 24360, 24380, 24400, 24420, 24520, 24540, 24540, 24560, 24560, 24560, 24560, 24560, 24560, 24560, 24560, 24560, 24560, 24560, 24560, 24560, 24560, 24560, 24560, 24560, 24560, 24560, 24580, 24580, 24580, 24580, 24580, 24580, 24580, 24580, 24580, 24580, 24600, 24600, 24600, 24620, 24620, 24680, 24680, 24740, 24740, 24740, 24740, 24740, 24740, 24760, 24780, 24780, 24800, 24800, 24820, 24820, 24840, 24840, 24840, 24860, 24860, 24860, 24880, 24880, 24920, 24920, 24940, 24940, 24960, 24960, 24960, 24960, 24960, 24980, 25000, 25000, 25000, 25000, 25020, 25020, 25040, 25040, 25060, 25080, 25680, 25680, 25800, 26020, 26120, 26180, 26280, 26320, 26620, 26620, 26840, 26880, 26920, 26980, 26980, 27000, 27040, 27040, 27060, 27080, 27100, 27120, 27160, 27180, 27200, 27200, 27220, 27220, 27260, 27260, 27280, 27300, 31180, 31180, 31200, 31200, 31240, 31240, 31260, 31260, 31300, 31320, 31340, 31380, 31400, 31420, 31440, 31460, 31500, 31500, 31500, 31580, 31640, 31660, 31880, 31900, 32120, 32120, 32120, 32140, 32160, 32160, 32160, 32160, 32180, 32200, 32200, 32200, 32200, 32200, 32220, 32220, 32260, 32260, 32260, 32260, 32260, 32260, 32260, 32260, 32280, 32280, 32280, 32280, 32280, 32280, 32280, 32280, 32280, 32280, 32280, 32300, 32300, 32300, 32300, 32300, 37600, 37600, 37620, 37620, 37680, 37680, 37700, 37700, 37720, 37740, 37760, 37800, 37820, 37840, 37860, 37880, 37920, 37920, 37920, 38000, 38060, 38080, 38300, 38300, 38580, 38620, 38700, 38740, 38840, 39120, 39900, 40160, 40500, 40500, 40520, 40520, 40520, 40520, 40520, 40520, 40520, 40520, 40520, 40520, 40520, 40520, 40540, 40540, 40540, 40540, 40540, 40540, 40540, 40540, 40540, 40560, 40580, 40580, 40580, 40580, 40600, 40620, 40620, 40620]
max throughput: 40620
average throughput: 27785.284090909092
max latency: 0.0178909
average latency: 0.011058459166666668
max latency: 0.0080445
average latency: 0.005090431614583334
max throughput:40620 average throughput:27785.284090909092 max latency:0.0178909 average latency:0.011058459166666668 replica num:33
