g_done_timer 60000000000
g_thread_cnt 5
g_zipf_theta 0.500000
g_node_id 2
g_client_rem_thread_cnt 1
g_client_send_thread_cnt 1
g_max_txn_per_part 4000
g_load_per_server 1
g_inflight_max 20000
g_mpr 1.000000
g_mpitem 0.010000
g_part_per_txn 1
g_req_per_query 1
g_client_node_cnt 1
g_rem_thread_cnt 2
g_send_thread_cnt 1
g_client_thread_cnt 2
g_part_cnt 1
g_node_cnt 4
g_thread_cnt 5
g_query_intvl 1
g_prt_lat_distr 0
g_part_alloc 0
g_mem_pad 1
g_perc_multi_part 1.000000
g_tup_read_perc 0.500000
g_tup_write_perc 0.500000
g_txn_read_perc 0.500000
g_txn_write_perc 0.500000
g_synth_table_size 524288
g_field_per_tuple 10
g_data_perc 100.000000
g_access_perc 0.030000
g_strict_ppt 1
g_network_delay 0
g_total_thread_cnt 8
g_total_client_thread_cnt 4
g_total_node_cnt 5
g_seq_batch_time_limit 5000000
Random seed: 45446829237993
Initializing stats... Done
Initializing DB InMemory... 
In-Memory DB configuration OK
DB testing
Insert key K1 with value V1
Reading value for key K1 = V1
Done
Initializing simulation... Done
Workload initialized!
Initializing work queue... Done
Initializing message queue... Done
Initializing transaction manager pool... Done
Initializing transaction pool... Done
Initializing txn node table pool... Done
Initializing query pool... Done
Initializing transaction table... Done
Initializing Chain... Done
___________________________________ED25519GenerateKeys
_____________ED25519 PUBLIC KEY: ¬B¸ö˚N˝L$-®Q◊∞∆ﬂês–Õè6"¡mî
___________________________________CMACGenerateKeys
_____________CMAC PRIV KEY: 90F2A0B71651FF85357585AEB0770849
_____________CMAC PRIV KEY: FA6183DA00D699FA437BFB6916D0F270
_____________CMAC PRIV KEY: A90E30BE6D2BC96DDB6120117F75FAE1
_____________CMAC PRIV KEY: 40903586F0ABDBC7CE9B8076CA9247C5
Initialization Time = 77047684
Setup 2:0
Setup 2:1
Setup 2:4
Setup 2:6
Setup 2:2
Setup 2:3
Setup 2:5
Setup 2:7
Running 2:4
Running 2:1
Running 2:3
Running 2:2
