g_done_timer 60000000000
g_thread_cnt 5
g_zipf_theta 0.500000
g_node_id 0
g_client_rem_thread_cnt 1
g_client_send_thread_cnt 1
g_max_txn_per_part 4000
g_load_per_server 1
g_inflight_max 20000
g_mpr 1.000000
g_mpitem 0.010000
g_part_per_txn 1
g_req_per_query 1
g_client_node_cnt 1
g_rem_thread_cnt 2
g_send_thread_cnt 1
g_client_thread_cnt 2
g_part_cnt 1
g_node_cnt 4
g_thread_cnt 5
g_query_intvl 1
g_prt_lat_distr 0
g_part_alloc 0
g_mem_pad 1
g_perc_multi_part 1.000000
g_tup_read_perc 0.500000
g_tup_write_perc 0.500000
g_txn_read_perc 0.500000
g_txn_write_perc 0.500000
g_synth_table_size 524288
g_field_per_tuple 10
g_data_perc 100.000000
g_access_perc 0.030000
g_strict_ppt 1
g_network_delay 0
g_total_thread_cnt 8
g_total_client_thread_cnt 4
g_total_node_cnt 5
g_seq_batch_time_limit 5000000
Random seed: 81713905615000
Initializing stats... Done
Initializing DB InMemory... 
In-Memory DB configuration OK
DB testing
Insert key K1 with value V1
Reading value for key K1 = V1
Done
Initializing simulation... Done
Workload initialized!
Initializing work queue... Done
Initializing message queue... Done
Initializing transaction manager pool... Done
Initializing transaction pool... Done
Initializing txn node table pool... Done
Initializing query pool... Done
Initializing transaction table... Done
Initializing Chain... Done
___________________________________ED25519GenerateKeys
_____________ED25519 PUBLIC KEY: ‚¡6¹cîmÛN«Ì*¼’ŒB&«;ÐÌ	ƒ˜3ƒ<X
___________________________________CMACGenerateKeys
_____________CMAC PRIV KEY: 17527134E9704C0309CD4F980E7C1106
_____________CMAC PRIV KEY: 40C77BBE2EFE74F222128BFEA574199A
_____________CMAC PRIV KEY: F215F1273AF1BE2E813C7D2A623B5284
_____________CMAC PRIV KEY: A9F047E575026677946FE4B623E99487
Initialization Time = 78592890
Setup 0:0
Setup 0:1
Setup 0:3
Setup 0:5
Setup 0:2
Setup 0:6
Setup 0:4
